## SLURM PROLOG ###############################################################
##    Job ID : 11225024
##  Job Name : dann_training
##  Nodelist : gpu2501
##      CPUs : 
##  Mem/Node : 196608 MB
## Directory : /oscar/scratch/edalal/universalgene
##   Job Started : Thu May  1 06:30:03 PM EDT 2025
###############################################################################
You are using the plain ModelCheckpoint callback. Consider using LitModelCheckpoint which with seamless uploading to Model registry.
GPU available: True (cuda), used: True
TPU available: False, using: 0 TPU cores
HPU available: False, using: 0 HPUs
You are using a CUDA device ('NVIDIA RTX A5500') that has Tensor Cores. To properly utilize them, you should set `torch.set_float32_matmul_precision('medium' | 'high')` which will trade-off precision for performance. For more details, read https://pytorch.org/docs/stable/generated/torch.set_float32_matmul_precision.html#torch.set_float32_matmul_precision
LOCAL_RANK: 0 - CUDA_VISIBLE_DEVICES: [0]

  | Name             | Type               | Params | Mode 
----------------------------------------------------------------
0 | encoder          | MLPEncoder         | 1.1 M  | train
1 | domain_clf       | CDANHead           | 8.8 M  | train
2 | cell_clf         | CellClassifier     | 232 K  | train
3 | train_acc_cell   | MulticlassAccuracy | 0      | train
4 | train_acc_domain | MulticlassAccuracy | 0      | train
5 | val_acc_cell     | MulticlassAccuracy | 0      | train
6 | val_acc_domain   | MulticlassAccuracy | 0      | train
----------------------------------------------------------------
10.2 M    Trainable params
0         Non-trainable params
10.2 M    Total params
40.689    Total estimated model params size (MB)
19        Modules in train mode
0         Modules in eval mode
SLURM auto-requeueing enabled. Setting signal handlers.
/oscar/scratch/edalal/universalgene/.venv/lib/python3.11/site-packages/pytorch_lightning/trainer/connectors/data_connector.py:425: The 'val_dataloader' does not have many workers which may be a bottleneck. Consider increasing the value of the `num_workers` argument` to `num_workers=7` in the `DataLoader` to improve performance.
/oscar/scratch/edalal/universalgene/.venv/lib/python3.11/site-packages/pytorch_lightning/trainer/connectors/data_connector.py:425: The 'train_dataloader' does not have many workers which may be a bottleneck. Consider increasing the value of the `num_workers` argument` to `num_workers=7` in the `DataLoader` to improve performance.
Traceback (most recent call last):
  File "/oscar/scratch/edalal/universalgene/src/dann/dann_training.py", line 142, in <module>
    main()
  File "/oscar/scratch/edalal/universalgene/src/dann/dann_training.py", line 128, in main
    trainer.fit(model, train_loader, val_loader)
  File "/oscar/scratch/edalal/universalgene/.venv/lib/python3.11/site-packages/pytorch_lightning/trainer/trainer.py", line 561, in fit
    call._call_and_handle_interrupt(
  File "/oscar/scratch/edalal/universalgene/.venv/lib/python3.11/site-packages/pytorch_lightning/trainer/call.py", line 48, in _call_and_handle_interrupt
    return trainer_fn(*args, **kwargs)
           ^^^^^^^^^^^^^^^^^^^^^^^^^^^
  File "/oscar/scratch/edalal/universalgene/.venv/lib/python3.11/site-packages/pytorch_lightning/trainer/trainer.py", line 599, in _fit_impl
    self._run(model, ckpt_path=ckpt_path)
  File "/oscar/scratch/edalal/universalgene/.venv/lib/python3.11/site-packages/pytorch_lightning/trainer/trainer.py", line 1012, in _run
    results = self._run_stage()
              ^^^^^^^^^^^^^^^^^
  File "/oscar/scratch/edalal/universalgene/.venv/lib/python3.11/site-packages/pytorch_lightning/trainer/trainer.py", line 1056, in _run_stage
    self.fit_loop.run()
  File "/oscar/scratch/edalal/universalgene/.venv/lib/python3.11/site-packages/pytorch_lightning/loops/fit_loop.py", line 216, in run
    self.advance()
  File "/oscar/scratch/edalal/universalgene/.venv/lib/python3.11/site-packages/pytorch_lightning/loops/fit_loop.py", line 455, in advance
    self.epoch_loop.run(self._data_fetcher)
  File "/oscar/scratch/edalal/universalgene/.venv/lib/python3.11/site-packages/pytorch_lightning/loops/training_epoch_loop.py", line 150, in run
    self.advance(data_fetcher)
  File "/oscar/scratch/edalal/universalgene/.venv/lib/python3.11/site-packages/pytorch_lightning/loops/training_epoch_loop.py", line 320, in advance
    batch_output = self.automatic_optimization.run(trainer.optimizers[0], batch_idx, kwargs)
                   ^^^^^^^^^^^^^^^^^^^^^^^^^^^^^^^^^^^^^^^^^^^^^^^^^^^^^^^^^^^^^^^^^^^^^^^^^
  File "/oscar/scratch/edalal/universalgene/.venv/lib/python3.11/site-packages/pytorch_lightning/loops/optimization/automatic.py", line 192, in run
    self._optimizer_step(batch_idx, closure)
  File "/oscar/scratch/edalal/universalgene/.venv/lib/python3.11/site-packages/pytorch_lightning/loops/optimization/automatic.py", line 270, in _optimizer_step
    call._call_lightning_module_hook(
  File "/oscar/scratch/edalal/universalgene/.venv/lib/python3.11/site-packages/pytorch_lightning/trainer/call.py", line 176, in _call_lightning_module_hook
    output = fn(*args, **kwargs)
             ^^^^^^^^^^^^^^^^^^^
  File "/oscar/scratch/edalal/universalgene/.venv/lib/python3.11/site-packages/pytorch_lightning/core/module.py", line 1302, in optimizer_step
    optimizer.step(closure=optimizer_closure)
  File "/oscar/scratch/edalal/universalgene/.venv/lib/python3.11/site-packages/pytorch_lightning/core/optimizer.py", line 154, in step
    step_output = self._strategy.optimizer_step(self._optimizer, closure, **kwargs)
                  ^^^^^^^^^^^^^^^^^^^^^^^^^^^^^^^^^^^^^^^^^^^^^^^^^^^^^^^^^^^^^^^^^
  File "/oscar/scratch/edalal/universalgene/.venv/lib/python3.11/site-packages/pytorch_lightning/strategies/strategy.py", line 239, in optimizer_step
    return self.precision_plugin.optimizer_step(optimizer, model=model, closure=closure, **kwargs)
           ^^^^^^^^^^^^^^^^^^^^^^^^^^^^^^^^^^^^^^^^^^^^^^^^^^^^^^^^^^^^^^^^^^^^^^^^^^^^^^^^^^^^^^^
  File "/oscar/scratch/edalal/universalgene/.venv/lib/python3.11/site-packages/pytorch_lightning/plugins/precision/precision.py", line 123, in optimizer_step
    return optimizer.step(closure=closure, **kwargs)
           ^^^^^^^^^^^^^^^^^^^^^^^^^^^^^^^^^^^^^^^^^
  File "/oscar/scratch/edalal/universalgene/.venv/lib/python3.11/site-packages/torch/optim/optimizer.py", line 493, in wrapper
    out = func(*args, **kwargs)
          ^^^^^^^^^^^^^^^^^^^^^
  File "/oscar/scratch/edalal/universalgene/.venv/lib/python3.11/site-packages/torch/optim/optimizer.py", line 91, in _use_grad
    ret = func(self, *args, **kwargs)
          ^^^^^^^^^^^^^^^^^^^^^^^^^^^
  File "/oscar/scratch/edalal/universalgene/.venv/lib/python3.11/site-packages/torch/optim/adam.py", line 223, in step
    loss = closure()
           ^^^^^^^^^
  File "/oscar/scratch/edalal/universalgene/.venv/lib/python3.11/site-packages/pytorch_lightning/plugins/precision/precision.py", line 109, in _wrap_closure
    closure_result = closure()
                     ^^^^^^^^^
  File "/oscar/scratch/edalal/universalgene/.venv/lib/python3.11/site-packages/pytorch_lightning/loops/optimization/automatic.py", line 146, in __call__
    self._result = self.closure(*args, **kwargs)
                   ^^^^^^^^^^^^^^^^^^^^^^^^^^^^^
  File "/oscar/scratch/edalal/universalgene/.venv/lib/python3.11/site-packages/torch/utils/_contextlib.py", line 116, in decorate_context
    return func(*args, **kwargs)
           ^^^^^^^^^^^^^^^^^^^^^
  File "/oscar/scratch/edalal/universalgene/.venv/lib/python3.11/site-packages/pytorch_lightning/loops/optimization/automatic.py", line 131, in closure
    step_output = self._step_fn()
                  ^^^^^^^^^^^^^^^
  File "/oscar/scratch/edalal/universalgene/.venv/lib/python3.11/site-packages/pytorch_lightning/loops/optimization/automatic.py", line 319, in _training_step
    training_step_output = call._call_strategy_hook(trainer, "training_step", *kwargs.values())
                           ^^^^^^^^^^^^^^^^^^^^^^^^^^^^^^^^^^^^^^^^^^^^^^^^^^^^^^^^^^^^^^^^^^^^
  File "/oscar/scratch/edalal/universalgene/.venv/lib/python3.11/site-packages/pytorch_lightning/trainer/call.py", line 328, in _call_strategy_hook
    output = fn(*args, **kwargs)
             ^^^^^^^^^^^^^^^^^^^
  File "/oscar/scratch/edalal/universalgene/.venv/lib/python3.11/site-packages/pytorch_lightning/strategies/strategy.py", line 391, in training_step
    return self.lightning_module.training_step(*args, **kwargs)
           ^^^^^^^^^^^^^^^^^^^^^^^^^^^^^^^^^^^^^^^^^^^^^^^^^^^^
  File "/oscar/scratch/edalal/universalgene/src/dann/cdan.py", line 62, in training_step
    opt, _ = self.optimizers()
    ^^^^^^
TypeError: cannot unpack non-iterable LightningAdam object
srun: error: gpu2501: task 0: Exited with exit code 1
