## SLURM PROLOG ###############################################################
##    Job ID : 11225044
##  Job Name : dann_training
##  Nodelist : gpu2505
##      CPUs : 
##  Mem/Node : 196608 MB
## Directory : /oscar/scratch/edalal/universalgene
##   Job Started : Thu May  1 06:46:49 PM EDT 2025
###############################################################################
You are using the plain ModelCheckpoint callback. Consider using LitModelCheckpoint which with seamless uploading to Model registry.
GPU available: True (cuda), used: True
TPU available: False, using: 0 TPU cores
HPU available: False, using: 0 HPUs
You are using a CUDA device ('NVIDIA RTX A5500') that has Tensor Cores. To properly utilize them, you should set `torch.set_float32_matmul_precision('medium' | 'high')` which will trade-off precision for performance. For more details, read https://pytorch.org/docs/stable/generated/torch.set_float32_matmul_precision.html#torch.set_float32_matmul_precision
LOCAL_RANK: 0 - CUDA_VISIBLE_DEVICES: [0]

  | Name             | Type               | Params | Mode 
----------------------------------------------------------------
0 | encoder          | MLPEncoder         | 1.1 M  | train
1 | domain_clf       | CDANHead           | 8.8 M  | train
2 | cell_clf         | CellClassifier     | 232 K  | train
3 | train_acc_cell   | MulticlassAccuracy | 0      | train
4 | train_acc_domain | MulticlassAccuracy | 0      | train
5 | val_acc_cell     | MulticlassAccuracy | 0      | train
6 | val_acc_domain   | MulticlassAccuracy | 0      | train
----------------------------------------------------------------
10.2 M    Trainable params
0         Non-trainable params
10.2 M    Total params
40.689    Total estimated model params size (MB)
19        Modules in train mode
0         Modules in eval mode
SLURM auto-requeueing enabled. Setting signal handlers.
Traceback (most recent call last):
  File "/oscar/scratch/edalal/universalgene/src/dann/dann_training.py", line 144, in <module>
    main()
  File "/oscar/scratch/edalal/universalgene/src/dann/dann_training.py", line 130, in main
    trainer.fit(model, train_loader, val_loader)
  File "/oscar/scratch/edalal/universalgene/.venv/lib/python3.11/site-packages/pytorch_lightning/trainer/trainer.py", line 561, in fit
    call._call_and_handle_interrupt(
  File "/oscar/scratch/edalal/universalgene/.venv/lib/python3.11/site-packages/pytorch_lightning/trainer/call.py", line 48, in _call_and_handle_interrupt
    return trainer_fn(*args, **kwargs)
           ^^^^^^^^^^^^^^^^^^^^^^^^^^^
  File "/oscar/scratch/edalal/universalgene/.venv/lib/python3.11/site-packages/pytorch_lightning/trainer/trainer.py", line 599, in _fit_impl
    self._run(model, ckpt_path=ckpt_path)
  File "/oscar/scratch/edalal/universalgene/.venv/lib/python3.11/site-packages/pytorch_lightning/trainer/trainer.py", line 1012, in _run
    results = self._run_stage()
              ^^^^^^^^^^^^^^^^^
  File "/oscar/scratch/edalal/universalgene/.venv/lib/python3.11/site-packages/pytorch_lightning/trainer/trainer.py", line 1056, in _run_stage
    self.fit_loop.run()
  File "/oscar/scratch/edalal/universalgene/.venv/lib/python3.11/site-packages/pytorch_lightning/loops/fit_loop.py", line 216, in run
    self.advance()
  File "/oscar/scratch/edalal/universalgene/.venv/lib/python3.11/site-packages/pytorch_lightning/loops/fit_loop.py", line 455, in advance
    self.epoch_loop.run(self._data_fetcher)
  File "/oscar/scratch/edalal/universalgene/.venv/lib/python3.11/site-packages/pytorch_lightning/loops/training_epoch_loop.py", line 150, in run
    self.advance(data_fetcher)
  File "/oscar/scratch/edalal/universalgene/.venv/lib/python3.11/site-packages/pytorch_lightning/loops/training_epoch_loop.py", line 320, in advance
    batch_output = self.automatic_optimization.run(trainer.optimizers[0], batch_idx, kwargs)
                   ^^^^^^^^^^^^^^^^^^^^^^^^^^^^^^^^^^^^^^^^^^^^^^^^^^^^^^^^^^^^^^^^^^^^^^^^^
  File "/oscar/scratch/edalal/universalgene/.venv/lib/python3.11/site-packages/pytorch_lightning/loops/optimization/automatic.py", line 192, in run
    self._optimizer_step(batch_idx, closure)
  File "/oscar/scratch/edalal/universalgene/.venv/lib/python3.11/site-packages/pytorch_lightning/loops/optimization/automatic.py", line 270, in _optimizer_step
    call._call_lightning_module_hook(
  File "/oscar/scratch/edalal/universalgene/.venv/lib/python3.11/site-packages/pytorch_lightning/trainer/call.py", line 176, in _call_lightning_module_hook
    output = fn(*args, **kwargs)
             ^^^^^^^^^^^^^^^^^^^
  File "/oscar/scratch/edalal/universalgene/.venv/lib/python3.11/site-packages/pytorch_lightning/core/module.py", line 1302, in optimizer_step
    optimizer.step(closure=optimizer_closure)
  File "/oscar/scratch/edalal/universalgene/.venv/lib/python3.11/site-packages/pytorch_lightning/core/optimizer.py", line 154, in step
    step_output = self._strategy.optimizer_step(self._optimizer, closure, **kwargs)
                  ^^^^^^^^^^^^^^^^^^^^^^^^^^^^^^^^^^^^^^^^^^^^^^^^^^^^^^^^^^^^^^^^^
  File "/oscar/scratch/edalal/universalgene/.venv/lib/python3.11/site-packages/pytorch_lightning/strategies/strategy.py", line 239, in optimizer_step
    return self.precision_plugin.optimizer_step(optimizer, model=model, closure=closure, **kwargs)
           ^^^^^^^^^^^^^^^^^^^^^^^^^^^^^^^^^^^^^^^^^^^^^^^^^^^^^^^^^^^^^^^^^^^^^^^^^^^^^^^^^^^^^^^
  File "/oscar/scratch/edalal/universalgene/.venv/lib/python3.11/site-packages/pytorch_lightning/plugins/precision/precision.py", line 123, in optimizer_step
    return optimizer.step(closure=closure, **kwargs)
           ^^^^^^^^^^^^^^^^^^^^^^^^^^^^^^^^^^^^^^^^^
  File "/oscar/scratch/edalal/universalgene/.venv/lib/python3.11/site-packages/torch/optim/optimizer.py", line 493, in wrapper
    out = func(*args, **kwargs)
          ^^^^^^^^^^^^^^^^^^^^^
  File "/oscar/scratch/edalal/universalgene/.venv/lib/python3.11/site-packages/torch/optim/optimizer.py", line 91, in _use_grad
    ret = func(self, *args, **kwargs)
          ^^^^^^^^^^^^^^^^^^^^^^^^^^^
  File "/oscar/scratch/edalal/universalgene/.venv/lib/python3.11/site-packages/torch/optim/adam.py", line 223, in step
    loss = closure()
           ^^^^^^^^^
  File "/oscar/scratch/edalal/universalgene/.venv/lib/python3.11/site-packages/pytorch_lightning/plugins/precision/precision.py", line 109, in _wrap_closure
    closure_result = closure()
                     ^^^^^^^^^
  File "/oscar/scratch/edalal/universalgene/.venv/lib/python3.11/site-packages/pytorch_lightning/loops/optimization/automatic.py", line 146, in __call__
    self._result = self.closure(*args, **kwargs)
                   ^^^^^^^^^^^^^^^^^^^^^^^^^^^^^
  File "/oscar/scratch/edalal/universalgene/.venv/lib/python3.11/site-packages/torch/utils/_contextlib.py", line 116, in decorate_context
    return func(*args, **kwargs)
           ^^^^^^^^^^^^^^^^^^^^^
  File "/oscar/scratch/edalal/universalgene/.venv/lib/python3.11/site-packages/pytorch_lightning/loops/optimization/automatic.py", line 140, in closure
    self._backward_fn(step_output.closure_loss)
  File "/oscar/scratch/edalal/universalgene/.venv/lib/python3.11/site-packages/pytorch_lightning/loops/optimization/automatic.py", line 241, in backward_fn
    call._call_strategy_hook(self.trainer, "backward", loss, optimizer)
  File "/oscar/scratch/edalal/universalgene/.venv/lib/python3.11/site-packages/pytorch_lightning/trainer/call.py", line 328, in _call_strategy_hook
    output = fn(*args, **kwargs)
             ^^^^^^^^^^^^^^^^^^^
  File "/oscar/scratch/edalal/universalgene/.venv/lib/python3.11/site-packages/pytorch_lightning/strategies/strategy.py", line 213, in backward
    self.precision_plugin.backward(closure_loss, self.lightning_module, optimizer, *args, **kwargs)
  File "/oscar/scratch/edalal/universalgene/.venv/lib/python3.11/site-packages/pytorch_lightning/plugins/precision/precision.py", line 73, in backward
    model.backward(tensor, *args, **kwargs)
  File "/oscar/scratch/edalal/universalgene/.venv/lib/python3.11/site-packages/pytorch_lightning/core/module.py", line 1097, in backward
    loss.backward(*args, **kwargs)
  File "/oscar/scratch/edalal/universalgene/.venv/lib/python3.11/site-packages/torch/_tensor.py", line 626, in backward
    torch.autograd.backward(
  File "/oscar/scratch/edalal/universalgene/.venv/lib/python3.11/site-packages/torch/autograd/__init__.py", line 347, in backward
    _engine_run_backward(
  File "/oscar/scratch/edalal/universalgene/.venv/lib/python3.11/site-packages/torch/autograd/graph.py", line 823, in _engine_run_backward
    return Variable._execution_engine.run_backward(  # Calls into the C++ engine to run the backward pass
           ^^^^^^^^^^^^^^^^^^^^^^^^^^^^^^^^^^^^^^^^^^^^^^^^^^^^^^^^^^^^^^^^^^^^^^^^^^^^^^^^^^^^^^^^^^^^^^
RuntimeError: Trying to backward through the graph a second time (or directly access saved tensors after they have already been freed). Saved intermediate values of the graph are freed when you call .backward() or autograd.grad(). Specify retain_graph=True if you need to backward through the graph a second time or if you need to access saved tensors after calling backward.
srun: error: gpu2505: task 0: Exited with exit code 1
